<?xml version="1.0" encoding="UTF-8"?>
<testsuite xmlns:xsi="http://www.w3.org/2001/XMLSchema-instance" xsi:noNamespaceSchemaLocation="https://maven.apache.org/surefire/maven-surefire-plugin/xsd/surefire-test-report-3.0.xsd" version="3.0" name="com.banking.TransactionServiceTest" time="0.539" tests="5" errors="0" skipped="0" failures="0">
  <properties>
[...]
</properties>
  <testcase name="processDeposit_validAmount_increasesBalance" classname="com.banking.TransactionServiceTest" time="0.503"/>
  <testcase name="processWithdrawal_sendsNotification" classname="com.banking.TransactionServiceTest" time="0.011"/>
  <testcase name="processWithdrawal_insufficientFunds_noNotificationSent" classname="com.banking.TransactionServiceTest" time="0.002"/>
  <testcase name="processDeposit_sendsNotification" classname="com.banking.TransactionServiceTest" time="0.003"/>
  <testcase name="processWithdrawal_validAmount_decreasesBalance" classname="com.banking.TransactionServiceTest" time="0.002"/>
</testsuite>